<?xml version="1.0" encoding="UTF-8"?>
<testsuite name="is.ru.verk.TestTicTacToe" tests="1" skipped="0" failures="0" errors="0" timestamp="2014-11-02T19:28:39" hostname="i-8f4af292" time="0.004">
  <properties/>
  <testcase name="testNewGame" classname="is.ru.verk.TestTicTacToe" time="0.004"/>
  <system-out><![CDATA[]]></system-out>
  <system-err><![CDATA[]]></system-err>
</testsuite>
